<?xml version="1.0" encoding="utf-8"?><testsuites name="pytest tests"><testsuite name="pytest" errors="0" failures="0" skipped="0" tests="51" time="4.669" timestamp="2026-07-09T10:07:08.935725+00:00" hostname="agent-env-a0c71b5a-f42e-4f31-95ee-693835c8d429"><testcase classname="tests.test_backend_api.TestPublic" name="test_root" time="0.292" /><testcase classname="tests.test_backend_api.TestPublic" name="test_lesson_categories" time="0.044" /><testcase classname="tests.test_backend_api.TestPublic" name="test_lessons_list_and_filter" time="0.094" /><testcase classname="tests.test_backend_api.TestPublic" name="test_lesson_detail" time="0.042" /><testcase classname="tests.test_backend_api.TestPublic" name="test_lesson_not_found" time="0.041" /><testcase classname="tests.test_backend_api.TestPublic" name="test_vocab_list" time="0.041" /><testcase classname="tests.test_backend_api.TestPublic" name="test_word_of_the_day" time="0.041" /><testcase classname="tests.test_backend_api.TestPublic" name="test_quiz" time="0.042" /><testcase classname="tests.test_backend_api.TestPublic" name="test_rooms_public" time="0.043" /><testcase classname="tests.test_backend_api.TestPublic" name="test_subscription_plans" time="0.044" /><testcase classname="tests.test_backend_api.TestAuthGuard" name="test_fake_session_id_returns_401" time="0.172" /><testcase classname="tests.test_backend_api.TestAuthGuard" name="test_me_without_token_401" time="0.043" /><testcase classname="tests.test_backend_api.TestAuthGuard" name="test_endpoint_requires_auth[GET-/api/home-None]" time="0.074" /><testcase classname="tests.test_backend_api.TestAuthGuard" name="test_endpoint_requires_auth[PUT-/api/profile-body1]" time="0.044" /><testcase classname="tests.test_backend_api.TestAuthGuard" name="test_endpoint_requires_auth[POST-/api/xp-body2]" time="0.052" /><testcase classname="tests.test_backend_api.TestAuthGuard" name="test_endpoint_requires_auth[POST-/api/lessons/complete-body3]" time="0.044" /><testcase classname="tests.test_backend_api.TestAuthGuard" name="test_endpoint_requires_auth[GET-/api/lessons/progress/all-None]" time="0.044" /><testcase classname="tests.test_backend_api.TestAuthGuard" name="test_endpoint_requires_auth[POST-/api/vocab/save-body5]" time="0.044" /><testcase classname="tests.test_backend_api.TestAuthGuard" name="test_endpoint_requires_auth[POST-/api/vocab/unsave-body6]" time="0.044" /><testcase classname="tests.test_backend_api.TestAuthGuard" name="test_endpoint_requires_auth[GET-/api/challenges-None]" time="0.042" /><testcase classname="tests.test_backend_api.TestAuthGuard" name="test_endpoint_requires_auth[POST-/api/challenges/c1/complete-None]" time="0.044" /><testcase classname="tests.test_backend_api.TestAuthGuard" name="test_endpoint_requires_auth[POST-/api/speaking-test-body9]" time="0.042" /><testcase classname="tests.test_backend_api.TestAuthGuard" name="test_endpoint_requires_auth[GET-/api/speaking-test/history-None]" time="0.042" /><testcase classname="tests.test_backend_api.TestAuthGuard" name="test_endpoint_requires_auth[POST-/api/match-None]" time="0.044" /><testcase classname="tests.test_backend_api.TestAuthGuard" name="test_endpoint_requires_auth[POST-/api/calls-body12]" time="0.043" /><testcase classname="tests.test_backend_api.TestAuthGuard" name="test_endpoint_requires_auth[POST-/api/friends/request-body13]" time="0.055" /><testcase classname="tests.test_backend_api.TestAuthGuard" name="test_endpoint_requires_auth[GET-/api/friends/requests-None]" time="0.056" /><testcase classname="tests.test_backend_api.TestAuthGuard" name="test_endpoint_requires_auth[POST-/api/reports-body15]" time="0.043" /><testcase classname="tests.test_backend_api.TestAuthGuard" name="test_endpoint_requires_auth[POST-/api/block-body16]" time="0.041" /><testcase classname="tests.test_backend_api.TestAuthGuard" name="test_endpoint_requires_auth[POST-/api/rooms-body17]" time="0.040" /><testcase classname="tests.test_backend_api.TestAuthGuard" name="test_endpoint_requires_auth[POST-/api/rooms/join-body18]" time="0.082" /><testcase classname="tests.test_backend_api.TestAuthGuard" name="test_endpoint_requires_auth[GET-/api/leaderboard-None]" time="0.043" /><testcase classname="tests.test_backend_api.TestAuthGuard" name="test_endpoint_requires_auth[GET-/api/achievements-None]" time="0.042" /><testcase classname="tests.test_backend_api.TestAuthGuard" name="test_endpoint_requires_auth[POST-/api/subscription/checkout-body21]" time="0.042" /><testcase classname="tests.test_backend_api.TestAuthenticatedFlow" name="test_me" time="0.045" /><testcase classname="tests.test_backend_api.TestAuthenticatedFlow" name="test_home" time="0.044" /><testcase classname="tests.test_backend_api.TestAuthenticatedFlow" name="test_xp_adds" time="0.132" /><testcase classname="tests.test_backend_api.TestAuthenticatedFlow" name="test_lesson_complete_grants_xp_and_progress" time="0.196" /><testcase classname="tests.test_backend_api.TestAuthenticatedFlow" name="test_vocab_save_and_unsave" time="0.088" /><testcase classname="tests.test_backend_api.TestAuthenticatedFlow" name="test_challenge_complete_prevents_double" time="0.195" /><testcase classname="tests.test_backend_api.TestAuthenticatedFlow" name="test_speaking_test_certificate" time="0.149" /><testcase classname="tests.test_backend_api.TestAuthenticatedFlow" name="test_match_returns_partner" time="0.045" /><testcase classname="tests.test_backend_api.TestAuthenticatedFlow" name="test_call_log_persists" time="0.149" /><testcase classname="tests.test_backend_api.TestAuthenticatedFlow" name="test_friend_request" time="0.115" /><testcase classname="tests.test_backend_api.TestAuthenticatedFlow" name="test_report_and_block" time="0.234" /><testcase classname="tests.test_backend_api.TestAuthenticatedFlow" name="test_room_create_and_join" time="0.295" /><testcase classname="tests.test_backend_api.TestAuthenticatedFlow" name="test_leaderboard" time="0.049" /><testcase classname="tests.test_backend_api.TestAuthenticatedFlow" name="test_achievements" time="0.048" /><testcase classname="tests.test_backend_api.TestAuthenticatedFlow" name="test_subscription_checkout" time="0.679" /><testcase classname="tests.test_backend_api.TestAuthenticatedFlow" name="test_subscription_checkout_invalid_plan" time="0.047" /><testcase classname="tests.test_backend_api.TestIndexes" name="test_ttl_index_exists" time="0.004" /></testsuite></testsuites>